
Showing logs for build [32mmeta-cb-kubecd-bdd-sbhg-1583988-2wtmc-1[0m stage [32mmeta-pipeline[0m and container [32mstep-credential-initializer-tgj66[0m
{"level":"warn","ts":1583988906.4701128,"logger":"fallback-logger","caller":"logging/config.go:69","msg":"Fetch GitHub commit ID from kodata failed: \"ref: refs/heads/0.8.0-**-support-backwards-incompats\" is not a valid GitHub commit ID"}
{"level":"info","ts":1583988906.4709818,"logger":"fallback-logger","caller":"creds-init/main.go:40","msg":"Credentials initialized."}

Showing logs for build [32mmeta-cb-kubecd-bdd-sbhg-1583988-2wtmc-1[0m stage [32mmeta-pipeline[0m and container [32mstep-working-dir-initializer-g8r4x[0m
{"level":"warn","ts":1583988907.5275865,"logger":"fallback-logger","caller":"logging/config.go:69","msg":"Fetch GitHub commit ID from kodata failed: open /var/run/ko/HEAD: no such file or directory"}
{"level":"info","ts":1583988907.5320005,"logger":"fallback-logger","caller":"bash/main.go:64","msg":"Successfully executed command \"sh -c mkdir -p /workspace/source\"; output "}

Showing logs for build [32mmeta-cb-kubecd-bdd-sbhg-1583988-2wtmc-1[0m stage [32mmeta-pipeline[0m and container [32mstep-place-tools[0m

Showing logs for build [32mmeta-cb-kubecd-bdd-sbhg-1583988-2wtmc-1[0m stage [32mmeta-pipeline[0m and container [32mstep-git-source-meta-cb-kubecd-bdd-sbhg-1583988-2wtmc-xrxwh[0m
{"level":"warn","ts":1583988913.5814805,"logger":"fallback-logger","caller":"logging/config.go:69","msg":"Fetch GitHub commit ID from kodata failed: \"ref: refs/heads/0.8.0-**-support-backwards-incompats\" is not a valid GitHub commit ID"}
{"level":"info","ts":1583988914.7538843,"logger":"fallback-logger","caller":"git/git.go:103","msg":"Successfully cloned https://github.com/cb-kubecd/bdd-sbhg-1583988281.git @ 289f54adfcc7ad5e5147b34bf9cc5928cf339e09 in path /workspace/source"}

Showing logs for build [32mmeta-cb-kubecd-bdd-sbhg-1583988-2wtmc-1[0m stage [32mmeta-pipeline[0m and container [32mstep-git-merge[0m
Using SHAs from PULL_REFS=master:289f54adfcc7ad5e5147b34bf9cc5928cf339e09,1:7805f9ddebb8d9ba9ae23a92159e037061c11f1a
DEBUG: LC_ALL=C JX_LOG_LEVEL=error git fetch origin --unshallow 7805f9ddebb8d9ba9ae23a92159e037061c11f1a: 289f54adfcc7ad5e5147b34bf9cc5928cf339e09:
DEBUG: ran git fetch --unshallow origin 7805f9ddebb8d9ba9ae23a92159e037061c11f1a: 289f54adfcc7ad5e5147b34bf9cc5928cf339e09: in 
DEBUG: LC_ALL=C JX_LOG_LEVEL=error git branch
DEBUG: JX_LOG_LEVEL=error LC_ALL=C git checkout master
DEBUG: ran git checkout master in 
DEBUG: LC_ALL=C JX_LOG_LEVEL=error git reset --hard 289f54adfcc7ad5e5147b34bf9cc5928cf339e09
DEBUG: ran git reset --hard 289f54adfcc7ad5e5147b34bf9cc5928cf339e09 in 
DEBUG: LC_ALL=C JX_LOG_LEVEL=error git clean -fd .
DEBUG: ran clean --force -d . in 
DEBUG: LC_ALL=C JX_LOG_LEVEL=error git merge 7805f9ddebb8d9ba9ae23a92159e037061c11f1a
DEBUG: ran git merge 7805f9ddebb8d9ba9ae23a92159e037061c11f1a in 
DEBUG: LC_ALL=C JX_LOG_LEVEL=error git log --format=%H%x1f%an%x1f%ae%x1f%cn%x1f%ce%x1f%s%n%b%x1e 289f54adfcc7ad5e5147b34bf9cc5928cf339e09..HEAD
Merged SHA 7805f9ddebb8d9ba9ae23a92159e037061c11f1a with commit message 'My first PR commit' into base branch master

Showing logs for build [32mmeta-cb-kubecd-bdd-sbhg-1583988-2wtmc-1[0m stage [32mmeta-pipeline[0m and container [32mstep-merge-pull-refs[0m
DEBUG: LC_ALL=C JX_LOG_LEVEL=error git fetch origin --unshallow 7805f9ddebb8d9ba9ae23a92159e037061c11f1a: 289f54adfcc7ad5e5147b34bf9cc5928cf339e09:
DEBUG: LC_ALL=C JX_LOG_LEVEL=error git fetch origin 7805f9ddebb8d9ba9ae23a92159e037061c11f1a: 289f54adfcc7ad5e5147b34bf9cc5928cf339e09:
DEBUG: ran git fetch origin 7805f9ddebb8d9ba9ae23a92159e037061c11f1a: 289f54adfcc7ad5e5147b34bf9cc5928cf339e09: in 
DEBUG: JX_LOG_LEVEL=error LC_ALL=C git rev-parse --is-shallow-repository
DEBUG: Unshallowed git repo in 
DEBUG: LC_ALL=C JX_LOG_LEVEL=error git branch
DEBUG: LC_ALL=C JX_LOG_LEVEL=error git checkout master
DEBUG: ran git checkout master in 
DEBUG: LC_ALL=C JX_LOG_LEVEL=error git reset --hard 289f54adfcc7ad5e5147b34bf9cc5928cf339e09
DEBUG: ran git reset --hard 289f54adfcc7ad5e5147b34bf9cc5928cf339e09 in 
DEBUG: LC_ALL=C JX_LOG_LEVEL=error git clean -fd .
DEBUG: ran clean --force -d . in 
DEBUG: JX_LOG_LEVEL=error LC_ALL=C git merge 7805f9ddebb8d9ba9ae23a92159e037061c11f1a
DEBUG: ran git merge 7805f9ddebb8d9ba9ae23a92159e037061c11f1a in 
DEBUG: LC_ALL=C JX_LOG_LEVEL=error git log --format=%H%x1f%an%x1f%ae%x1f%cn%x1f%ce%x1f%s%n%b%x1e 289f54adfcc7ad5e5147b34bf9cc5928cf339e09..HEAD
Merged SHA 7805f9ddebb8d9ba9ae23a92159e037061c11f1a with commit message 'My first PR commit' into base branch master

Showing logs for build [32mmeta-cb-kubecd-bdd-sbhg-1583988-2wtmc-1[0m stage [32mmeta-pipeline[0m and container [32mstep-create-effective-pipeline[0m
error: Failed to update Development environment in namespace **: Operation cannot be fulfilled on environments.jenkins.io "dev": the object has been modified; please apply your changes to the latest version and try again
[31m
Pipeline failed on stage 'meta-pipeline' : container 'step-create-effective-pipeline'. The execution of the pipeline has stopped.[0m
